2022-04-01T08:31:26.766641Z 0 [Warning] TIMESTAMP with implicit DEFAULT value is deprecated. Please use --explicit_defaults_for_timestamp server option (see documentation for more details).
2022-04-01T08:31:26.800595Z 0 [Warning] 'NO_ZERO_DATE', 'NO_ZERO_IN_DATE' and 'ERROR_FOR_DIVISION_BY_ZERO' sql modes should be used with strict mode. They will be merged with strict mode in a future release.
2022-04-01T08:31:26.800595Z 0 [Warning] 'NO_AUTO_CREATE_USER' sql mode was not set.
2022-04-01T08:31:26.800595Z 0 [Warning] Insecure configuration for --secure-file-priv: Current value does not restrict location of generated files. Consider setting it to a valid, non-empty path.
2022-04-01T08:31:26.827722Z 0 [ERROR] Cannot open Windows EventLog; check privileges, or start server with --log_syslog=0
2022-04-01T08:31:26.896302Z 0 [Note] D:\UwAmp\UwAmp\bin\database\mysql-5.7.11\bin\mysqld.exe (mysqld 5.7.11) starting as process 26808 ...
2022-04-01T08:31:27.443071Z 0 [ERROR] Can't open shared library 'D:\UwAmp\UwAmp\bin\database\mysql-5.7.11\lib\plugin\keyring_file.dll' (errno: 126 The specified module could not be found.)
2022-04-01T08:31:27.446127Z 0 [ERROR] Couldn't load plugin named 'keyring_file' with soname 'keyring_file.dll'.
2022-04-01T08:31:27.539911Z 0 [Note] InnoDB: Mutexes and rw_locks use Windows interlocked functions
2022-04-01T08:31:27.540963Z 0 [Note] InnoDB: Uses event mutexes
2022-04-01T08:31:27.541959Z 0 [Note] InnoDB: Memory barrier is not used
2022-04-01T08:31:27.542953Z 0 [Note] InnoDB: Compressed tables use zlib 1.2.3
2022-04-01T08:31:27.658122Z 0 [Note] InnoDB: Number of pools: 1
2022-04-01T08:31:27.708518Z 0 [Note] InnoDB: Not using CPU crc32 instructions
2022-04-01T08:31:27.826350Z 0 [Note] InnoDB: Initializing buffer pool, total size = 128M, instances = 1, chunk size = 128M
2022-04-01T08:31:27.857149Z 0 [Note] InnoDB: Completed initialization of buffer pool
2022-04-01T08:31:28.133209Z 0 [Note] InnoDB: Highest supported file format is Barracuda.
2022-04-01T08:31:28.195247Z 0 [Note] InnoDB: Log scan progressed past the checkpoint lsn 4381557
2022-04-01T08:31:28.197453Z 0 [Note] InnoDB: Doing recovery: scanned up to log sequence number 4381566
2022-04-01T08:31:28.201306Z 0 [Note] InnoDB: Doing recovery: scanned up to log sequence number 4381566
2022-04-01T08:31:28.203549Z 0 [Note] InnoDB: Database was not shutdown normally!
2022-04-01T08:31:28.205385Z 0 [Note] InnoDB: Starting crash recovery.
2022-04-01T08:31:31.350917Z 0 [Note] InnoDB: Removed temporary tablespace data file: "ibtmp1"
2022-04-01T08:31:31.351938Z 0 [Note] InnoDB: Creating shared tablespace for temporary tables
2022-04-01T08:31:31.353931Z 0 [Note] InnoDB: Setting file '.\ibtmp1' size to 12 MB. Physically writing the file full; Please wait ...
2022-04-01T08:31:31.760847Z 0 [Note] InnoDB: File '.\ibtmp1' size is now 12 MB.
2022-04-01T08:31:31.872501Z 0 [Note] InnoDB: 96 redo rollback segment(s) found. 96 redo rollback segment(s) are active.
2022-04-01T08:31:31.874534Z 0 [Note] InnoDB: 32 non-redo rollback segment(s) are active.
2022-04-01T08:31:31.877491Z 0 [Note] InnoDB: Waiting for purge to start
2022-04-01T08:31:31.933245Z 0 [Note] InnoDB: Waiting for purge to start
2022-04-01T08:31:31.995171Z 0 [Note] InnoDB: Waiting for purge to start
2022-04-01T08:31:32.056948Z 0 [Note] InnoDB: page_cleaner: 1000ms intended loop took 4184ms. The settings might not be optimal. (flushed=0 and evicted=0, during the time.)
2022-04-01T08:31:32.068865Z 0 [Note] InnoDB: 5.7.11 started; log sequence number 4381566
2022-04-01T08:31:32.094095Z 0 [Note] InnoDB: Loading buffer pool(s) from D:\UwAmp\UwAmp\bin\database\mysql-5.7.11\data\ib_buffer_pool
2022-04-01T08:31:32.140509Z 0 [Note] Plugin 'FEDERATED' is disabled.
2022-04-01T08:31:32.910484Z 0 [Warning] Failed to set up SSL because of the following SSL library error: SSL context is not usable without certificate and private key
2022-04-01T08:31:32.920464Z 0 [Note] Server hostname (bind-address): '*'; port: 3306
2022-04-01T08:31:32.923517Z 0 [Note] IPv6 is available.
2022-04-01T08:31:32.926804Z 0 [Note]   - '::' resolves to '::';
2022-04-01T08:31:32.928495Z 0 [Note] Server socket created on IP: '::'.
2022-04-01T08:31:33.364579Z 0 [Note] InnoDB: Buffer pool(s) load completed at 220401  9:31:33
2022-04-01T08:31:35.603363Z 0 [Note] Event Scheduler: Loaded 0 events
2022-04-01T08:31:35.604112Z 0 [Note] D:\UwAmp\UwAmp\bin\database\mysql-5.7.11\bin\mysqld.exe: ready for connections.
Version: '5.7.11'  socket: ''  port: 3306  MySQL Community Server (GPL)
2022-04-01T11:18:41.647235Z 0 [Note] InnoDB: page_cleaner: 1000ms intended loop took 900080ms. The settings might not be optimal. (flushed=0 and evicted=0, during the time.)
2022-04-01T11:50:35.629737Z 0 [Note] InnoDB: page_cleaner: 1000ms intended loop took 952949ms. The settings might not be optimal. (flushed=0 and evicted=0, during the time.)
2022-04-01T12:54:44.699993Z 0 [Note] InnoDB: page_cleaner: 1000ms intended loop took 2889319ms. The settings might not be optimal. (flushed=0 and evicted=0, during the time.)
2022-04-01T13:13:21.578751Z 0 [Note] InnoDB: page_cleaner: 1000ms intended loop took 1109736ms. The settings might not be optimal. (flushed=0 and evicted=0, during the time.)
2022-04-01T14:24:38.454858Z 0 [Note] InnoDB: page_cleaner: 1000ms intended loop took 56192ms. The settings might not be optimal. (flushed=0 and evicted=0, during the time.)
2022-04-04T13:35:23.780433Z 0 [Warning] TIMESTAMP with implicit DEFAULT value is deprecated. Please use --explicit_defaults_for_timestamp server option (see documentation for more details).
2022-04-04T13:35:23.780612Z 0 [Warning] 'NO_ZERO_DATE', 'NO_ZERO_IN_DATE' and 'ERROR_FOR_DIVISION_BY_ZERO' sql modes should be used with strict mode. They will be merged with strict mode in a future release.
2022-04-04T13:35:23.780612Z 0 [Warning] 'NO_AUTO_CREATE_USER' sql mode was not set.
2022-04-04T13:35:23.780612Z 0 [Warning] Insecure configuration for --secure-file-priv: Current value does not restrict location of generated files. Consider setting it to a valid, non-empty path.
2022-04-04T13:35:23.780612Z 0 [ERROR] Cannot open Windows EventLog; check privileges, or start server with --log_syslog=0
2022-04-04T13:35:23.780612Z 0 [Note] D:\UwAmp\UwAmp\bin\database\mysql-5.7.11\bin\mysqld.exe (mysqld 5.7.11) starting as process 16124 ...
2022-04-04T13:35:23.980865Z 0 [ERROR] Can't open shared library 'D:\UwAmp\UwAmp\bin\database\mysql-5.7.11\lib\plugin\keyring_file.dll' (errno: 126 The specified module could not be found.)
2022-04-04T13:35:23.985350Z 0 [ERROR] Couldn't load plugin named 'keyring_file' with soname 'keyring_file.dll'.
2022-04-04T13:35:23.990333Z 0 [Note] InnoDB: Mutexes and rw_locks use Windows interlocked functions
2022-04-04T13:35:23.992327Z 0 [Note] InnoDB: Uses event mutexes
2022-04-04T13:35:23.994322Z 0 [Note] InnoDB: Memory barrier is not used
2022-04-04T13:35:23.996316Z 0 [Note] InnoDB: Compressed tables use zlib 1.2.3
2022-04-04T13:35:23.998312Z 0 [Note] InnoDB: Number of pools: 1
2022-04-04T13:35:24.000307Z 0 [Note] InnoDB: Not using CPU crc32 instructions
2022-04-04T13:35:24.130944Z 0 [Note] InnoDB: Initializing buffer pool, total size = 128M, instances = 1, chunk size = 128M
2022-04-04T13:35:24.153595Z 0 [Note] InnoDB: Completed initialization of buffer pool
2022-04-04T13:35:24.354762Z 0 [Note] InnoDB: Highest supported file format is Barracuda.
2022-04-04T13:35:24.385693Z 0 [Note] InnoDB: Log scan progressed past the checkpoint lsn 4381585
2022-04-04T13:35:24.386692Z 0 [Note] InnoDB: Doing recovery: scanned up to log sequence number 4381594
2022-04-04T13:35:24.390915Z 0 [Note] InnoDB: Doing recovery: scanned up to log sequence number 4381594
2022-04-04T13:35:24.392675Z 0 [Note] InnoDB: Database was not shutdown normally!
2022-04-04T13:35:24.394721Z 0 [Note] InnoDB: Starting crash recovery.
2022-04-04T13:35:27.143720Z 0 [Note] InnoDB: Removed temporary tablespace data file: "ibtmp1"
2022-04-04T13:35:27.145689Z 0 [Note] InnoDB: Creating shared tablespace for temporary tables
2022-04-04T13:35:27.147767Z 0 [Note] InnoDB: Setting file '.\ibtmp1' size to 12 MB. Physically writing the file full; Please wait ...
2022-04-04T13:35:27.555461Z 0 [Note] InnoDB: File '.\ibtmp1' size is now 12 MB.
2022-04-04T13:35:27.637346Z 0 [Note] InnoDB: 96 redo rollback segment(s) found. 96 redo rollback segment(s) are active.
2022-04-04T13:35:27.640338Z 0 [Note] InnoDB: 32 non-redo rollback segment(s) are active.
2022-04-04T13:35:27.644329Z 0 [Note] InnoDB: Waiting for purge to start
2022-04-04T13:35:27.837502Z 0 [Note] InnoDB: 5.7.11 started; log sequence number 4381594
2022-04-04T13:35:27.839361Z 0 [Note] Plugin 'FEDERATED' is disabled.
2022-04-04T13:35:27.873332Z 0 [Note] InnoDB: Loading buffer pool(s) from D:\UwAmp\UwAmp\bin\database\mysql-5.7.11\data\ib_buffer_pool
2022-04-04T13:35:28.153781Z 0 [Warning] Failed to set up SSL because of the following SSL library error: SSL context is not usable without certificate and private key
2022-04-04T13:35:28.161224Z 0 [Note] Server hostname (bind-address): '*'; port: 3306
2022-04-04T13:35:28.163082Z 0 [Note] IPv6 is available.
2022-04-04T13:35:28.164594Z 0 [Note]   - '::' resolves to '::';
2022-04-04T13:35:28.166589Z 0 [Note] Server socket created on IP: '::'.
2022-04-04T13:35:28.809595Z 0 [Note] InnoDB: Buffer pool(s) load completed at 220404 14:35:28
2022-04-04T13:35:30.798360Z 0 [Note] Event Scheduler: Loaded 0 events
2022-04-04T13:35:30.799348Z 0 [Note] D:\UwAmp\UwAmp\bin\database\mysql-5.7.11\bin\mysqld.exe: ready for connections.
Version: '5.7.11'  socket: ''  port: 3306  MySQL Community Server (GPL)
2022-04-04T13:38:32.903143Z 0 [Note] D:\UwAmp\UwAmp\bin\database\mysql-5.7.11\bin\mysqld.exe: Normal shutdown

2022-04-04T13:38:32.906046Z 0 [Note] Giving 0 client threads a chance to die gracefully
2022-04-04T13:38:32.907040Z 0 [Note] Shutting down slave threads
2022-04-04T13:38:32.921006Z 0 [Note] Forcefully disconnecting 0 remaining clients
2022-04-04T13:38:32.928235Z 0 [Note] Event Scheduler: Purging the queue. 0 events
2022-04-04T13:38:32.929174Z 0 [Note] Binlog end
2022-04-04T13:38:32.938763Z 0 [Note] Shutting down plugin 'ngram'
2022-04-04T13:38:32.952289Z 0 [Note] Shutting down plugin 'partition'
2022-04-04T13:38:32.954416Z 0 [Note] Shutting down plugin 'BLACKHOLE'
2022-04-04T13:38:32.956348Z 0 [Note] Shutting down plugin 'ARCHIVE'
2022-04-04T13:38:32.956348Z 0 [Note] Shutting down plugin 'PERFORMANCE_SCHEMA'
2022-04-04T13:38:32.987810Z 0 [Note] Shutting down plugin 'MRG_MYISAM'
2022-04-04T13:38:32.999678Z 0 [Note] Shutting down plugin 'MyISAM'
2022-04-04T13:38:33.000696Z 0 [Note] Shutting down plugin 'INNODB_SYS_VIRTUAL'
2022-04-04T13:38:33.020667Z 0 [Note] Shutting down plugin 'INNODB_SYS_DATAFILES'
2022-04-04T13:38:33.022716Z 0 [Note] Shutting down plugin 'INNODB_SYS_TABLESPACES'
2022-04-04T13:38:33.023546Z 0 [Note] Shutting down plugin 'INNODB_SYS_FOREIGN_COLS'
2022-04-04T13:38:33.024526Z 0 [Note] Shutting down plugin 'INNODB_SYS_FOREIGN'
2022-04-04T13:38:33.025552Z 0 [Note] Shutting down plugin 'INNODB_SYS_FIELDS'
2022-04-04T13:38:33.027517Z 0 [Note] Shutting down plugin 'INNODB_SYS_COLUMNS'
2022-04-04T13:38:33.028556Z 0 [Note] Shutting down plugin 'INNODB_SYS_INDEXES'
2022-04-04T13:38:33.029565Z 0 [Note] Shutting down plugin 'INNODB_SYS_TABLESTATS'
2022-04-04T13:38:33.031506Z 0 [Note] Shutting down plugin 'INNODB_SYS_TABLES'
2022-04-04T13:38:33.032506Z 0 [Note] Shutting down plugin 'INNODB_FT_INDEX_TABLE'
2022-04-04T13:38:33.033573Z 0 [Note] Shutting down plugin 'INNODB_FT_INDEX_CACHE'
2022-04-04T13:38:33.034500Z 0 [Note] Shutting down plugin 'INNODB_FT_CONFIG'
2022-04-04T13:38:33.036527Z 0 [Note] Shutting down plugin 'INNODB_FT_BEING_DELETED'
2022-04-04T13:38:33.037526Z 0 [Note] Shutting down plugin 'INNODB_FT_DELETED'
2022-04-04T13:38:33.038547Z 0 [Note] Shutting down plugin 'INNODB_FT_DEFAULT_STOPWORD'
2022-04-04T13:38:33.039502Z 0 [Note] Shutting down plugin 'INNODB_METRICS'
2022-04-04T13:38:33.040541Z 0 [Note] Shutting down plugin 'INNODB_TEMP_TABLE_INFO'
2022-04-04T13:38:33.042534Z 0 [Note] Shutting down plugin 'INNODB_BUFFER_POOL_STATS'
2022-04-04T13:38:33.043556Z 0 [Note] Shutting down plugin 'INNODB_BUFFER_PAGE_LRU'
2022-04-04T13:38:33.044510Z 0 [Note] Shutting down plugin 'INNODB_BUFFER_PAGE'
2022-04-04T13:38:33.045470Z 0 [Note] Shutting down plugin 'INNODB_CMP_PER_INDEX_RESET'
2022-04-04T13:38:33.047526Z 0 [Note] Shutting down plugin 'INNODB_CMP_PER_INDEX'
2022-04-04T13:38:33.048480Z 0 [Note] Shutting down plugin 'INNODB_CMPMEM_RESET'
2022-04-04T13:38:33.049518Z 0 [Note] Shutting down plugin 'INNODB_CMPMEM'
2022-04-04T13:38:33.050520Z 0 [Note] Shutting down plugin 'INNODB_CMP_RESET'
2022-04-04T13:38:33.051504Z 0 [Note] Shutting down plugin 'INNODB_CMP'
2022-04-04T13:38:33.052500Z 0 [Note] Shutting down plugin 'INNODB_LOCK_WAITS'
2022-04-04T13:38:33.054444Z 0 [Note] Shutting down plugin 'INNODB_LOCKS'
2022-04-04T13:38:33.056438Z 0 [Note] Shutting down plugin 'INNODB_TRX'
2022-04-04T13:38:33.057501Z 0 [Note] Shutting down plugin 'InnoDB'
2022-04-04T13:38:33.069068Z 0 [Note] InnoDB: FTS optimize thread exiting.
2022-04-04T13:38:33.069647Z 0 [Note] InnoDB: Starting shutdown...
2022-04-04T13:38:33.186753Z 0 [Note] InnoDB: Dumping buffer pool(s) to D:\UwAmp\UwAmp\bin\database\mysql-5.7.11\data\ib_buffer_pool
2022-04-04T13:38:33.247935Z 0 [Note] InnoDB: Buffer pool(s) dump completed at 220404 14:38:33
2022-04-04T13:38:34.198813Z 0 [Note] InnoDB: Shutdown completed; log sequence number 4381622
2022-04-04T13:38:34.202357Z 0 [Note] InnoDB: Removed temporary tablespace data file: "ibtmp1"
2022-04-04T13:38:34.204825Z 0 [Note] Shutting down plugin 'MEMORY'
2022-04-04T13:38:34.206787Z 0 [Note] Shutting down plugin 'CSV'
2022-04-04T13:38:34.207776Z 0 [Note] Shutting down plugin 'sha256_password'
2022-04-04T13:38:34.209769Z 0 [Note] Shutting down plugin 'mysql_native_password'
2022-04-04T13:38:34.211763Z 0 [Note] Shutting down plugin 'binlog'
2022-04-04T13:38:34.252481Z 0 [Note] D:\UwAmp\UwAmp\bin\database\mysql-5.7.11\bin\mysqld.exe: Shutdown complete

2022-04-04T13:38:41.283393Z 0 [Warning] TIMESTAMP with implicit DEFAULT value is deprecated. Please use --explicit_defaults_for_timestamp server option (see documentation for more details).
2022-04-04T13:38:41.283393Z 0 [Warning] 'NO_ZERO_DATE', 'NO_ZERO_IN_DATE' and 'ERROR_FOR_DIVISION_BY_ZERO' sql modes should be used with strict mode. They will be merged with strict mode in a future release.
2022-04-04T13:38:41.283393Z 0 [Warning] 'NO_AUTO_CREATE_USER' sql mode was not set.
2022-04-04T13:38:41.283393Z 0 [Warning] Insecure configuration for --secure-file-priv: Current value does not restrict location of generated files. Consider setting it to a valid, non-empty path.
2022-04-04T13:38:41.283393Z 0 [ERROR] Cannot open Windows EventLog; check privileges, or start server with --log_syslog=0
2022-04-04T13:38:41.283393Z 0 [Note] D:\UwAmp\UwAmp\bin\database\mysql-5.7.11\bin\mysqld.exe (mysqld 5.7.11) starting as process 5172 ...
2022-04-04T13:38:41.325727Z 0 [ERROR] Can't open shared library 'D:\UwAmp\UwAmp\bin\database\mysql-5.7.11\lib\plugin\keyring_file.dll' (errno: 126 The specified module could not be found.)
2022-04-04T13:38:41.333306Z 0 [ERROR] Couldn't load plugin named 'keyring_file' with soname 'keyring_file.dll'.
2022-04-04T13:38:41.337280Z 0 [Note] InnoDB: Mutexes and rw_locks use Windows interlocked functions
2022-04-04T13:38:41.340666Z 0 [Note] InnoDB: Uses event mutexes
2022-04-04T13:38:41.342391Z 0 [Note] InnoDB: Memory barrier is not used
2022-04-04T13:38:41.343264Z 0 [Note] InnoDB: Compressed tables use zlib 1.2.3
2022-04-04T13:38:41.346256Z 0 [Note] InnoDB: Number of pools: 1
2022-04-04T13:38:41.348250Z 0 [Note] InnoDB: Not using CPU crc32 instructions
2022-04-04T13:38:41.438637Z 0 [Note] InnoDB: Initializing buffer pool, total size = 128M, instances = 1, chunk size = 128M
2022-04-04T13:38:41.452660Z 0 [Note] InnoDB: Completed initialization of buffer pool
2022-04-04T13:38:41.551007Z 0 [Note] InnoDB: Highest supported file format is Barracuda.
2022-04-04T13:38:42.053550Z 0 [Note] InnoDB: Creating shared tablespace for temporary tables
2022-04-04T13:38:42.056543Z 0 [Note] InnoDB: Setting file '.\ibtmp1' size to 12 MB. Physically writing the file full; Please wait ...
2022-04-04T13:38:42.324429Z 0 [Note] InnoDB: File '.\ibtmp1' size is now 12 MB.
2022-04-04T13:38:42.414625Z 0 [Note] InnoDB: 96 redo rollback segment(s) found. 96 redo rollback segment(s) are active.
2022-04-04T13:38:42.418147Z 0 [Note] InnoDB: 32 non-redo rollback segment(s) are active.
2022-04-04T13:38:42.420574Z 0 [Note] InnoDB: Waiting for purge to start
2022-04-04T13:38:42.498398Z 0 [Note] InnoDB: 5.7.11 started; log sequence number 4381622
2022-04-04T13:38:42.499398Z 0 [Note] InnoDB: Loading buffer pool(s) from D:\UwAmp\UwAmp\bin\database\mysql-5.7.11\data\ib_buffer_pool
2022-04-04T13:38:42.500399Z 0 [Note] Plugin 'FEDERATED' is disabled.
2022-04-04T13:38:42.542758Z 0 [Warning] Failed to set up SSL because of the following SSL library error: SSL context is not usable without certificate and private key
2022-04-04T13:38:42.548586Z 0 [Note] Server hostname (bind-address): '*'; port: 3306
2022-04-04T13:38:42.549584Z 0 [Note] IPv6 is available.
2022-04-04T13:38:42.550595Z 0 [Note]   - '::' resolves to '::';
2022-04-04T13:38:42.552576Z 0 [Note] Server socket created on IP: '::'.
2022-04-04T13:38:42.658348Z 0 [Note] Event Scheduler: Loaded 0 events
2022-04-04T13:38:42.659346Z 0 [Note] D:\UwAmp\UwAmp\bin\database\mysql-5.7.11\bin\mysqld.exe: ready for connections.
Version: '5.7.11'  socket: ''  port: 3306  MySQL Community Server (GPL)
2022-04-04T13:38:42.815577Z 0 [Note] InnoDB: Buffer pool(s) load completed at 220404 14:38:42
