2024-01-07T01:21:47.248368Z 0 [Warning] TIMESTAMP with implicit DEFAULT value is deprecated. Please use --explicit_defaults_for_timestamp server option (see documentation for more details).
2024-01-07T01:21:47.248368Z 0 [Warning] 'NO_ZERO_DATE', 'NO_ZERO_IN_DATE' and 'ERROR_FOR_DIVISION_BY_ZERO' sql modes should be used with strict mode. They will be merged with strict mode in a future release.
2024-01-07T01:21:47.248368Z 0 [Warning] 'NO_AUTO_CREATE_USER' sql mode was not set.
2024-01-07T01:21:47.248368Z 0 [Warning] Insecure configuration for --secure-file-priv: Current value does not restrict location of generated files. Consider setting it to a valid, non-empty path.
2024-01-07T01:21:47.249369Z 0 [ERROR] Cannot open Windows EventLog; check privileges, or start server with --log_syslog=0
2024-01-07T01:21:47.249369Z 0 [Note] G:\College\HND\Developing Mobile Web Applications\UwAmp\bin\database\mysql-5.7.11\bin\mysqld.exe (mysqld 5.7.11) starting as process 14992 ...
2024-01-07T01:21:47.276530Z 0 [ERROR] Can't open shared library 'G:\College\HND\Developing Mobile Web Applications\UwAmp\bin\database\mysql-5.7.11\lib\plugin\keyring_file.dll' (errno: 126 The specified module could not be found.)
2024-01-07T01:21:47.276530Z 0 [ERROR] Couldn't load plugin named 'keyring_file' with soname 'keyring_file.dll'.
2024-01-07T01:21:47.277530Z 0 [Note] InnoDB: Mutexes and rw_locks use Windows interlocked functions
2024-01-07T01:21:47.277530Z 0 [Note] InnoDB: Uses event mutexes
2024-01-07T01:21:47.278531Z 0 [Note] InnoDB: Memory barrier is not used
2024-01-07T01:21:47.278531Z 0 [Note] InnoDB: Compressed tables use zlib 1.2.3
2024-01-07T01:21:47.278531Z 0 [Note] InnoDB: Number of pools: 1
2024-01-07T01:21:47.279530Z 0 [Note] InnoDB: Not using CPU crc32 instructions
2024-01-07T01:21:47.311049Z 0 [Note] InnoDB: Initializing buffer pool, total size = 128M, instances = 1, chunk size = 128M
2024-01-07T01:21:47.316051Z 0 [Note] InnoDB: Completed initialization of buffer pool
2024-01-07T01:21:47.369820Z 0 [Note] InnoDB: Highest supported file format is Barracuda.
2024-01-07T01:21:47.682537Z 0 [Note] InnoDB: Creating shared tablespace for temporary tables
2024-01-07T01:21:47.683537Z 0 [Note] InnoDB: Setting file '.\ibtmp1' size to 12 MB. Physically writing the file full; Please wait ...
2024-01-07T01:21:47.730052Z 0 [Note] InnoDB: File '.\ibtmp1' size is now 12 MB.
2024-01-07T01:21:47.743056Z 0 [Note] InnoDB: 96 redo rollback segment(s) found. 96 redo rollback segment(s) are active.
2024-01-07T01:21:47.743056Z 0 [Note] InnoDB: 32 non-redo rollback segment(s) are active.
2024-01-07T01:21:47.744057Z 0 [Note] InnoDB: Waiting for purge to start
2024-01-07T01:21:47.812072Z 0 [Note] InnoDB: 5.7.11 started; log sequence number 5815918
2024-01-07T01:21:47.813072Z 0 [Note] Plugin 'FEDERATED' is disabled.
2024-01-07T01:21:47.814072Z 0 [Note] InnoDB: Loading buffer pool(s) from G:\College\HND\Developing Mobile Web Applications\UwAmp\bin\database\mysql-5.7.11\data\ib_buffer_pool
2024-01-07T01:21:47.828077Z 0 [Warning] Failed to set up SSL because of the following SSL library error: SSL context is not usable without certificate and private key
2024-01-07T01:21:47.831101Z 0 [Note] Server hostname (bind-address): '*'; port: 3306
2024-01-07T01:21:47.831101Z 0 [Note] IPv6 is available.
2024-01-07T01:21:47.831101Z 0 [Note]   - '::' resolves to '::';
2024-01-07T01:21:47.832101Z 0 [Note] Server socket created on IP: '::'.
2024-01-07T01:21:47.861107Z 0 [Note] InnoDB: Buffer pool(s) load completed at 240107  1:21:47
2024-01-07T01:21:47.963638Z 0 [Note] Event Scheduler: Loaded 0 events
2024-01-07T01:21:47.963638Z 0 [Note] G:\College\HND\Developing Mobile Web Applications\UwAmp\bin\database\mysql-5.7.11\bin\mysqld.exe: ready for connections.
Version: '5.7.11'  socket: ''  port: 3306  MySQL Community Server (GPL)
2024-01-07T01:28:07.764553Z 0 [Note] G:\College\HND\Developing Mobile Web Applications\UwAmp\bin\database\mysql-5.7.11\bin\mysqld.exe: Normal shutdown

2024-01-07T01:28:07.765555Z 0 [Note] Giving 0 client threads a chance to die gracefully
2024-01-07T01:28:07.766555Z 0 [Note] Shutting down slave threads
2024-01-07T01:28:07.766555Z 0 [Note] Forcefully disconnecting 0 remaining clients
2024-01-07T01:28:07.766555Z 0 [Note] Event Scheduler: Purging the queue. 0 events
2024-01-07T01:28:07.767555Z 0 [Note] Binlog end
2024-01-07T01:28:07.767555Z 0 [Note] Shutting down plugin 'ngram'
2024-01-07T01:28:07.768555Z 0 [Note] Shutting down plugin 'partition'
2024-01-07T01:28:07.768555Z 0 [Note] Shutting down plugin 'BLACKHOLE'
2024-01-07T01:28:07.768555Z 0 [Note] Shutting down plugin 'ARCHIVE'
2024-01-07T01:28:07.769555Z 0 [Note] Shutting down plugin 'PERFORMANCE_SCHEMA'
2024-01-07T01:28:07.769555Z 0 [Note] Shutting down plugin 'MRG_MYISAM'
2024-01-07T01:28:07.769555Z 0 [Note] Shutting down plugin 'MyISAM'
2024-01-07T01:28:07.769555Z 0 [Note] Shutting down plugin 'INNODB_SYS_VIRTUAL'
2024-01-07T01:28:07.769555Z 0 [Note] Shutting down plugin 'INNODB_SYS_DATAFILES'
2024-01-07T01:28:07.770556Z 0 [Note] Shutting down plugin 'INNODB_SYS_TABLESPACES'
2024-01-07T01:28:07.770556Z 0 [Note] Shutting down plugin 'INNODB_SYS_FOREIGN_COLS'
2024-01-07T01:28:07.770556Z 0 [Note] Shutting down plugin 'INNODB_SYS_FOREIGN'
2024-01-07T01:28:07.770556Z 0 [Note] Shutting down plugin 'INNODB_SYS_FIELDS'
2024-01-07T01:28:07.771556Z 0 [Note] Shutting down plugin 'INNODB_SYS_COLUMNS'
2024-01-07T01:28:07.771556Z 0 [Note] Shutting down plugin 'INNODB_SYS_INDEXES'
2024-01-07T01:28:07.771556Z 0 [Note] Shutting down plugin 'INNODB_SYS_TABLESTATS'
2024-01-07T01:28:07.771556Z 0 [Note] Shutting down plugin 'INNODB_SYS_TABLES'
2024-01-07T01:28:07.772556Z 0 [Note] Shutting down plugin 'INNODB_FT_INDEX_TABLE'
2024-01-07T01:28:07.772556Z 0 [Note] Shutting down plugin 'INNODB_FT_INDEX_CACHE'
2024-01-07T01:28:07.772556Z 0 [Note] Shutting down plugin 'INNODB_FT_CONFIG'
2024-01-07T01:28:07.773556Z 0 [Note] Shutting down plugin 'INNODB_FT_BEING_DELETED'
2024-01-07T01:28:07.773556Z 0 [Note] Shutting down plugin 'INNODB_FT_DELETED'
2024-01-07T01:28:07.773556Z 0 [Note] Shutting down plugin 'INNODB_FT_DEFAULT_STOPWORD'
2024-01-07T01:28:07.774557Z 0 [Note] Shutting down plugin 'INNODB_METRICS'
2024-01-07T01:28:07.774557Z 0 [Note] Shutting down plugin 'INNODB_TEMP_TABLE_INFO'
2024-01-07T01:28:07.774557Z 0 [Note] Shutting down plugin 'INNODB_BUFFER_POOL_STATS'
2024-01-07T01:28:07.775557Z 0 [Note] Shutting down plugin 'INNODB_BUFFER_PAGE_LRU'
2024-01-07T01:28:07.775557Z 0 [Note] Shutting down plugin 'INNODB_BUFFER_PAGE'
2024-01-07T01:28:07.775557Z 0 [Note] Shutting down plugin 'INNODB_CMP_PER_INDEX_RESET'
2024-01-07T01:28:07.775557Z 0 [Note] Shutting down plugin 'INNODB_CMP_PER_INDEX'
2024-01-07T01:28:07.775557Z 0 [Note] Shutting down plugin 'INNODB_CMPMEM_RESET'
2024-01-07T01:28:07.776557Z 0 [Note] Shutting down plugin 'INNODB_CMPMEM'
2024-01-07T01:28:07.776557Z 0 [Note] Shutting down plugin 'INNODB_CMP_RESET'
2024-01-07T01:28:07.776557Z 0 [Note] Shutting down plugin 'INNODB_CMP'
2024-01-07T01:28:07.776557Z 0 [Note] Shutting down plugin 'INNODB_LOCK_WAITS'
2024-01-07T01:28:07.777558Z 0 [Note] Shutting down plugin 'INNODB_LOCKS'
2024-01-07T01:28:07.777558Z 0 [Note] Shutting down plugin 'INNODB_TRX'
2024-01-07T01:28:07.778558Z 0 [Note] Shutting down plugin 'InnoDB'
2024-01-07T01:28:07.778558Z 0 [Note] InnoDB: FTS optimize thread exiting.
2024-01-07T01:28:07.779062Z 0 [Note] InnoDB: Starting shutdown...
2024-01-07T01:28:07.888044Z 0 [Note] InnoDB: Dumping buffer pool(s) to G:\College\HND\Developing Mobile Web Applications\UwAmp\bin\database\mysql-5.7.11\data\ib_buffer_pool
2024-01-07T01:28:07.901217Z 0 [Note] InnoDB: Buffer pool(s) dump completed at 240107  1:28:07
2024-01-07T01:28:09.019109Z 0 [Note] InnoDB: Shutdown completed; log sequence number 5815946
2024-01-07T01:28:09.021215Z 0 [Note] InnoDB: Removed temporary tablespace data file: "ibtmp1"
2024-01-07T01:28:09.022217Z 0 [Note] Shutting down plugin 'MEMORY'
2024-01-07T01:28:09.022217Z 0 [Note] Shutting down plugin 'CSV'
2024-01-07T01:28:09.022217Z 0 [Note] Shutting down plugin 'sha256_password'
2024-01-07T01:28:09.022217Z 0 [Note] Shutting down plugin 'mysql_native_password'
2024-01-07T01:28:09.023217Z 0 [Note] Shutting down plugin 'binlog'
2024-01-07T01:28:09.024384Z 0 [Note] G:\College\HND\Developing Mobile Web Applications\UwAmp\bin\database\mysql-5.7.11\bin\mysqld.exe: Shutdown complete

2024-01-07T01:28:13.950085Z 0 [Warning] TIMESTAMP with implicit DEFAULT value is deprecated. Please use --explicit_defaults_for_timestamp server option (see documentation for more details).
2024-01-07T01:28:13.950085Z 0 [Warning] 'NO_ZERO_DATE', 'NO_ZERO_IN_DATE' and 'ERROR_FOR_DIVISION_BY_ZERO' sql modes should be used with strict mode. They will be merged with strict mode in a future release.
2024-01-07T01:28:13.950085Z 0 [Warning] 'NO_AUTO_CREATE_USER' sql mode was not set.
2024-01-07T01:28:13.950085Z 0 [Warning] Insecure configuration for --secure-file-priv: Current value does not restrict location of generated files. Consider setting it to a valid, non-empty path.
2024-01-07T01:28:13.950085Z 0 [ERROR] Cannot open Windows EventLog; check privileges, or start server with --log_syslog=0
2024-01-07T01:28:13.950085Z 0 [Note] G:\College\HND\Developing Mobile Web Applications\UwAmp\bin\database\mysql-5.7.11\bin\mysqld.exe (mysqld 5.7.11) starting as process 13272 ...
2024-01-07T01:28:13.963088Z 0 [ERROR] Can't open shared library 'G:\College\HND\Developing Mobile Web Applications\UwAmp\bin\database\mysql-5.7.11\lib\plugin\keyring_file.dll' (errno: 126 The specified module could not be found.)
2024-01-07T01:28:13.964089Z 0 [ERROR] Couldn't load plugin named 'keyring_file' with soname 'keyring_file.dll'.
2024-01-07T01:28:13.965089Z 0 [Note] InnoDB: Mutexes and rw_locks use Windows interlocked functions
2024-01-07T01:28:13.966090Z 0 [Note] InnoDB: Uses event mutexes
2024-01-07T01:28:13.966090Z 0 [Note] InnoDB: Memory barrier is not used
2024-01-07T01:28:13.966090Z 0 [Note] InnoDB: Compressed tables use zlib 1.2.3
2024-01-07T01:28:13.966090Z 0 [Note] InnoDB: Number of pools: 1
2024-01-07T01:28:13.967090Z 0 [Note] InnoDB: Not using CPU crc32 instructions
2024-01-07T01:28:14.002601Z 0 [Note] InnoDB: Initializing buffer pool, total size = 128M, instances = 1, chunk size = 128M
2024-01-07T01:28:14.008603Z 0 [Note] InnoDB: Completed initialization of buffer pool
2024-01-07T01:28:14.049612Z 0 [Note] InnoDB: Highest supported file format is Barracuda.
2024-01-07T01:28:14.161144Z 0 [Note] InnoDB: Creating shared tablespace for temporary tables
2024-01-07T01:28:14.162144Z 0 [Note] InnoDB: Setting file '.\ibtmp1' size to 12 MB. Physically writing the file full; Please wait ...
2024-01-07T01:28:14.201659Z 0 [Note] InnoDB: File '.\ibtmp1' size is now 12 MB.
2024-01-07T01:28:14.222664Z 0 [Note] InnoDB: 96 redo rollback segment(s) found. 96 redo rollback segment(s) are active.
2024-01-07T01:28:14.223664Z 0 [Note] InnoDB: 32 non-redo rollback segment(s) are active.
2024-01-07T01:28:14.223664Z 0 [Note] InnoDB: Waiting for purge to start
2024-01-07T01:28:14.290185Z 0 [Note] InnoDB: 5.7.11 started; log sequence number 5815946
2024-01-07T01:28:14.290185Z 0 [Note] InnoDB: Loading buffer pool(s) from G:\College\HND\Developing Mobile Web Applications\UwAmp\bin\database\mysql-5.7.11\data\ib_buffer_pool
2024-01-07T01:28:14.290185Z 0 [Note] Plugin 'FEDERATED' is disabled.
2024-01-07T01:28:14.299187Z 0 [Warning] Failed to set up SSL because of the following SSL library error: SSL context is not usable without certificate and private key
2024-01-07T01:28:14.302188Z 0 [Note] Server hostname (bind-address): '*'; port: 3306
2024-01-07T01:28:14.302188Z 0 [Note] IPv6 is available.
2024-01-07T01:28:14.302188Z 0 [Note]   - '::' resolves to '::';
2024-01-07T01:28:14.302188Z 0 [Note] Server socket created on IP: '::'.
2024-01-07T01:28:14.415200Z 0 [Note] InnoDB: Buffer pool(s) load completed at 240107  1:28:14
2024-01-07T01:28:14.425202Z 0 [Note] Event Scheduler: Loaded 0 events
2024-01-07T01:28:14.426202Z 0 [Note] G:\College\HND\Developing Mobile Web Applications\UwAmp\bin\database\mysql-5.7.11\bin\mysqld.exe: ready for connections.
Version: '5.7.11'  socket: ''  port: 3306  MySQL Community Server (GPL)
2024-01-07T01:51:34.543502Z 0 [Note] G:\College\HND\Developing Mobile Web Applications\UwAmp\bin\database\mysql-5.7.11\bin\mysqld.exe: Normal shutdown

2024-01-07T01:51:34.543502Z 0 [Note] Giving 0 client threads a chance to die gracefully
2024-01-07T01:51:34.544502Z 0 [Note] Shutting down slave threads
2024-01-07T01:51:34.544502Z 0 [Note] Forcefully disconnecting 0 remaining clients
2024-01-07T01:51:34.544502Z 0 [Note] Event Scheduler: Purging the queue. 0 events
2024-01-07T01:51:34.545503Z 0 [Note] Binlog end
2024-01-07T01:51:34.546503Z 0 [Note] Shutting down plugin 'ngram'
2024-01-07T01:51:34.546503Z 0 [Note] Shutting down plugin 'partition'
2024-01-07T01:51:34.547503Z 0 [Note] Shutting down plugin 'BLACKHOLE'
2024-01-07T01:51:34.547503Z 0 [Note] Shutting down plugin 'ARCHIVE'
2024-01-07T01:51:34.547503Z 0 [Note] Shutting down plugin 'PERFORMANCE_SCHEMA'
2024-01-07T01:51:34.547503Z 0 [Note] Shutting down plugin 'MRG_MYISAM'
2024-01-07T01:51:34.548503Z 0 [Note] Shutting down plugin 'MyISAM'
2024-01-07T01:51:34.548503Z 0 [Note] Shutting down plugin 'INNODB_SYS_VIRTUAL'
2024-01-07T01:51:34.548503Z 0 [Note] Shutting down plugin 'INNODB_SYS_DATAFILES'
2024-01-07T01:51:34.548503Z 0 [Note] Shutting down plugin 'INNODB_SYS_TABLESPACES'
2024-01-07T01:51:34.549503Z 0 [Note] Shutting down plugin 'INNODB_SYS_FOREIGN_COLS'
2024-01-07T01:51:34.549503Z 0 [Note] Shutting down plugin 'INNODB_SYS_FOREIGN'
2024-01-07T01:51:34.549503Z 0 [Note] Shutting down plugin 'INNODB_SYS_FIELDS'
2024-01-07T01:51:34.550503Z 0 [Note] Shutting down plugin 'INNODB_SYS_COLUMNS'
2024-01-07T01:51:34.550503Z 0 [Note] Shutting down plugin 'INNODB_SYS_INDEXES'
2024-01-07T01:51:34.550503Z 0 [Note] Shutting down plugin 'INNODB_SYS_TABLESTATS'
2024-01-07T01:51:34.550503Z 0 [Note] Shutting down plugin 'INNODB_SYS_TABLES'
2024-01-07T01:51:34.551504Z 0 [Note] Shutting down plugin 'INNODB_FT_INDEX_TABLE'
2024-01-07T01:51:34.551504Z 0 [Note] Shutting down plugin 'INNODB_FT_INDEX_CACHE'
2024-01-07T01:51:34.551504Z 0 [Note] Shutting down plugin 'INNODB_FT_CONFIG'
2024-01-07T01:51:34.551504Z 0 [Note] Shutting down plugin 'INNODB_FT_BEING_DELETED'
2024-01-07T01:51:34.552505Z 0 [Note] Shutting down plugin 'INNODB_FT_DELETED'
2024-01-07T01:51:34.552505Z 0 [Note] Shutting down plugin 'INNODB_FT_DEFAULT_STOPWORD'
2024-01-07T01:51:34.552505Z 0 [Note] Shutting down plugin 'INNODB_METRICS'
2024-01-07T01:51:34.552505Z 0 [Note] Shutting down plugin 'INNODB_TEMP_TABLE_INFO'
2024-01-07T01:51:34.553504Z 0 [Note] Shutting down plugin 'INNODB_BUFFER_POOL_STATS'
2024-01-07T01:51:34.553504Z 0 [Note] Shutting down plugin 'INNODB_BUFFER_PAGE_LRU'
2024-01-07T01:51:34.553504Z 0 [Note] Shutting down plugin 'INNODB_BUFFER_PAGE'
2024-01-07T01:51:34.553504Z 0 [Note] Shutting down plugin 'INNODB_CMP_PER_INDEX_RESET'
2024-01-07T01:51:34.554504Z 0 [Note] Shutting down plugin 'INNODB_CMP_PER_INDEX'
2024-01-07T01:51:34.554504Z 0 [Note] Shutting down plugin 'INNODB_CMPMEM_RESET'
2024-01-07T01:51:34.554504Z 0 [Note] Shutting down plugin 'INNODB_CMPMEM'
2024-01-07T01:51:34.554504Z 0 [Note] Shutting down plugin 'INNODB_CMP_RESET'
2024-01-07T01:51:34.554504Z 0 [Note] Shutting down plugin 'INNODB_CMP'
2024-01-07T01:51:34.555505Z 0 [Note] Shutting down plugin 'INNODB_LOCK_WAITS'
2024-01-07T01:51:34.555505Z 0 [Note] Shutting down plugin 'INNODB_LOCKS'
2024-01-07T01:51:34.555505Z 0 [Note] Shutting down plugin 'INNODB_TRX'
2024-01-07T01:51:34.555505Z 0 [Note] Shutting down plugin 'InnoDB'
2024-01-07T01:51:34.556504Z 0 [Note] InnoDB: FTS optimize thread exiting.
2024-01-07T01:51:34.556504Z 0 [Note] InnoDB: Starting shutdown...
2024-01-07T01:51:34.672322Z 0 [Note] InnoDB: Dumping buffer pool(s) to G:\College\HND\Developing Mobile Web Applications\UwAmp\bin\database\mysql-5.7.11\data\ib_buffer_pool
2024-01-07T01:51:34.682594Z 0 [Note] InnoDB: Buffer pool(s) dump completed at 240107  1:51:34
2024-01-07T01:51:35.289324Z 0 [Note] InnoDB: Shutdown completed; log sequence number 5827808
2024-01-07T01:51:35.292326Z 0 [Note] InnoDB: Removed temporary tablespace data file: "ibtmp1"
2024-01-07T01:51:35.292326Z 0 [Note] Shutting down plugin 'MEMORY'
2024-01-07T01:51:35.292326Z 0 [Note] Shutting down plugin 'CSV'
2024-01-07T01:51:35.292326Z 0 [Note] Shutting down plugin 'sha256_password'
2024-01-07T01:51:35.292326Z 0 [Note] Shutting down plugin 'mysql_native_password'
2024-01-07T01:51:35.293326Z 0 [Note] Shutting down plugin 'binlog'
2024-01-07T01:51:35.295327Z 0 [Note] G:\College\HND\Developing Mobile Web Applications\UwAmp\bin\database\mysql-5.7.11\bin\mysqld.exe: Shutdown complete

