2024-03-11T13:24:45.856703Z 0 [Warning] TIMESTAMP with implicit DEFAULT value is deprecated. Please use --explicit_defaults_for_timestamp server option (see documentation for more details).
2024-03-11T13:24:45.856703Z 0 [Warning] 'NO_ZERO_DATE', 'NO_ZERO_IN_DATE' and 'ERROR_FOR_DIVISION_BY_ZERO' sql modes should be used with strict mode. They will be merged with strict mode in a future release.
2024-03-11T13:24:45.856703Z 0 [Warning] 'NO_AUTO_CREATE_USER' sql mode was not set.
2024-03-11T13:24:45.856703Z 0 [Warning] Insecure configuration for --secure-file-priv: Current value does not restrict location of generated files. Consider setting it to a valid, non-empty path.
2024-03-11T13:24:45.856703Z 0 [ERROR] Cannot open Windows EventLog; check privileges, or start server with --log_syslog=0
2024-03-11T13:24:45.856703Z 0 [Note] E:\College\HND\Year 2\Graded Unit\UwAmp\bin\database\mysql-5.7.11\bin\mysqld.exe (mysqld 5.7.11) starting as process 3844 ...
2024-03-11T13:24:45.886760Z 0 [ERROR] Can't open shared library 'E:\College\HND\Year 2\Graded Unit\UwAmp\bin\database\mysql-5.7.11\lib\plugin\keyring_file.dll' (errno: 126 The specified module could not be found.)
2024-03-11T13:24:45.886760Z 0 [ERROR] Couldn't load plugin named 'keyring_file' with soname 'keyring_file.dll'.
2024-03-11T13:24:45.886760Z 0 [Note] InnoDB: Mutexes and rw_locks use Windows interlocked functions
2024-03-11T13:24:45.886760Z 0 [Note] InnoDB: Uses event mutexes
2024-03-11T13:24:45.886760Z 0 [Note] InnoDB: Memory barrier is not used
2024-03-11T13:24:45.886760Z 0 [Note] InnoDB: Compressed tables use zlib 1.2.3
2024-03-11T13:24:45.886760Z 0 [Note] InnoDB: Number of pools: 1
2024-03-11T13:24:45.886760Z 0 [Note] InnoDB: Not using CPU crc32 instructions
2024-03-11T13:24:45.921807Z 0 [Note] InnoDB: Initializing buffer pool, total size = 128M, instances = 1, chunk size = 128M
2024-03-11T13:24:45.926816Z 0 [Note] InnoDB: Completed initialization of buffer pool
2024-03-11T13:24:46.044264Z 0 [Note] InnoDB: Highest supported file format is Barracuda.
2024-03-11T13:24:46.846521Z 0 [ERROR] InnoDB: Operating system error number 2 in a file operation.
2024-03-11T13:24:46.846521Z 0 [Note] InnoDB: Some operating system error numbers are described at http://dev.mysql.com/doc/refman/5.7/en/operating-system-error-codes.html
2024-03-11T13:24:46.846521Z 0 [ERROR] InnoDB: Cannot open datafile for read-only: '.\sustainapp\cards.ibd' OS error: 71
2024-03-11T13:24:46.846521Z 0 [ERROR] InnoDB: Could not find a valid tablespace file for `sustainapp/cards`. Please refer to http://dev.mysql.com/doc/refman/5.7/en/innodb-troubleshooting-datadict.html for how to resolve the issue.
2024-03-11T13:24:46.846521Z 0 [Warning] InnoDB: Ignoring tablespace `sustainapp/cards` because it could not be opened.
2024-03-11T13:24:46.846521Z 0 [ERROR] InnoDB: Operating system error number 2 in a file operation.
2024-03-11T13:24:46.846521Z 0 [Note] InnoDB: Some operating system error numbers are described at http://dev.mysql.com/doc/refman/5.7/en/operating-system-error-codes.html
2024-03-11T13:24:46.849042Z 0 [ERROR] InnoDB: Cannot open datafile for read-only: '.\sustainapp\users.ibd' OS error: 71
2024-03-11T13:24:46.849042Z 0 [ERROR] InnoDB: Could not find a valid tablespace file for `sustainapp/users`. Please refer to http://dev.mysql.com/doc/refman/5.7/en/innodb-troubleshooting-datadict.html for how to resolve the issue.
2024-03-11T13:24:46.849042Z 0 [Warning] InnoDB: Ignoring tablespace `sustainapp/users` because it could not be opened.
2024-03-11T13:24:46.861105Z 0 [Note] InnoDB: Creating shared tablespace for temporary tables
2024-03-11T13:24:46.861105Z 0 [Note] InnoDB: Setting file '.\ibtmp1' size to 12 MB. Physically writing the file full; Please wait ...
2024-03-11T13:24:47.186567Z 0 [Note] InnoDB: File '.\ibtmp1' size is now 12 MB.
2024-03-11T13:24:47.200608Z 0 [Note] InnoDB: 96 redo rollback segment(s) found. 96 redo rollback segment(s) are active.
2024-03-11T13:24:47.200608Z 0 [Note] InnoDB: 32 non-redo rollback segment(s) are active.
2024-03-11T13:24:47.200608Z 0 [Note] InnoDB: Waiting for purge to start
2024-03-11T13:24:47.225383Z 0 [ERROR] InnoDB: Failed to find tablespace for table `sustainapp`.`cards` in the cache. Attempting to load the tablespace with space id 234
2024-03-11T13:24:47.225872Z 0 [ERROR] InnoDB: Operating system error number 2 in a file operation.
2024-03-11T13:24:47.226069Z 0 [Note] InnoDB: Some operating system error numbers are described at http://dev.mysql.com/doc/refman/5.7/en/operating-system-error-codes.html
2024-03-11T13:24:47.226417Z 0 [ERROR] InnoDB: Cannot open datafile for read-only: '.\sustainapp\cards.ibd' OS error: 71
2024-03-11T13:24:47.226654Z 0 [ERROR] InnoDB: Could not find a valid tablespace file for `sustainapp/cards`. Please refer to http://dev.mysql.com/doc/refman/5.7/en/innodb-troubleshooting-datadict.html for how to resolve the issue.
2024-03-11T13:24:47.255037Z 0 [Note] InnoDB: 5.7.11 started; log sequence number 6016196
2024-03-11T13:24:47.256033Z 0 [Note] InnoDB: Loading buffer pool(s) from E:\College\HND\Year 2\Graded Unit\UwAmp\bin\database\mysql-5.7.11\data\ib_buffer_pool
2024-03-11T13:24:47.256033Z 0 [Note] Plugin 'FEDERATED' is disabled.
2024-03-11T13:24:47.291759Z 0 [Warning] Failed to set up SSL because of the following SSL library error: SSL context is not usable without certificate and private key
2024-03-11T13:24:47.291759Z 0 [Note] Server hostname (bind-address): '*'; port: 3306
2024-03-11T13:24:47.291759Z 0 [Note] IPv6 is available.
2024-03-11T13:24:47.291759Z 0 [Note]   - '::' resolves to '::';
2024-03-11T13:24:47.291759Z 0 [Note] Server socket created on IP: '::'.
2024-03-11T13:24:47.366927Z 0 [Note] InnoDB: Buffer pool(s) load completed at 240311 13:24:47
2024-03-11T13:24:47.496591Z 0 [Note] Event Scheduler: Loaded 0 events
2024-03-11T13:24:47.496591Z 0 [Note] E:\College\HND\Year 2\Graded Unit\UwAmp\bin\database\mysql-5.7.11\bin\mysqld.exe: ready for connections.
Version: '5.7.11'  socket: ''  port: 3306  MySQL Community Server (GPL)
2024-03-11T13:32:20.445951Z 64 [ERROR] InnoDB: Operating system error number 80 in a file operation.
2024-03-11T13:32:20.445951Z 64 [Note] InnoDB: Some operating system error numbers are described at http://dev.mysql.com/doc/refman/5.7/en/operating-system-error-codes.html
2024-03-11T13:32:20.445951Z 64 [ERROR] InnoDB: Cannot create file '.\sustainapp\cards.ibd'
2024-03-11T13:32:20.445951Z 64 [ERROR] InnoDB: The file '.\sustainapp\cards.ibd' already exists though the corresponding table did not exist in the InnoDB data dictionary. Have you moved InnoDB .ibd files around without using the SQL commands DISCARD TABLESPACE and IMPORT TABLESPACE, or did mysqld crash in the middle of CREATE TABLE? You can resolve the problem by removing the file '.\sustainapp\cards.ibd' under the 'datadir' of MySQL.
2024-03-11T13:32:42.033740Z 70 [ERROR] InnoDB: Operating system error number 80 in a file operation.
2024-03-11T13:32:42.033740Z 70 [Note] InnoDB: Some operating system error numbers are described at http://dev.mysql.com/doc/refman/5.7/en/operating-system-error-codes.html
2024-03-11T13:32:42.033740Z 70 [ERROR] InnoDB: Cannot create file '.\sustainapp\cards.ibd'
2024-03-11T13:32:42.033740Z 70 [ERROR] InnoDB: The file '.\sustainapp\cards.ibd' already exists though the corresponding table did not exist in the InnoDB data dictionary. Have you moved InnoDB .ibd files around without using the SQL commands DISCARD TABLESPACE and IMPORT TABLESPACE, or did mysqld crash in the middle of CREATE TABLE? You can resolve the problem by removing the file '.\sustainapp\cards.ibd' under the 'datadir' of MySQL.
2024-03-11T13:33:23.964401Z 90 [ERROR] InnoDB: Operating system error number 80 in a file operation.
2024-03-11T13:33:23.980021Z 90 [Note] InnoDB: Some operating system error numbers are described at http://dev.mysql.com/doc/refman/5.7/en/operating-system-error-codes.html
2024-03-11T13:33:23.980021Z 90 [ERROR] InnoDB: Cannot create file '.\sustainapp\cards.ibd'
2024-03-11T13:33:23.980021Z 90 [ERROR] InnoDB: The file '.\sustainapp\cards.ibd' already exists though the corresponding table did not exist in the InnoDB data dictionary. Have you moved InnoDB .ibd files around without using the SQL commands DISCARD TABLESPACE and IMPORT TABLESPACE, or did mysqld crash in the middle of CREATE TABLE? You can resolve the problem by removing the file '.\sustainapp\cards.ibd' under the 'datadir' of MySQL.
2024-03-11T13:33:54.632169Z 104 [ERROR] InnoDB: Operating system error number 80 in a file operation.
2024-03-11T13:33:54.632169Z 104 [Note] InnoDB: Some operating system error numbers are described at http://dev.mysql.com/doc/refman/5.7/en/operating-system-error-codes.html
2024-03-11T13:33:54.632169Z 104 [ERROR] InnoDB: Cannot create file '.\sustainapp\cards.ibd'
2024-03-11T13:33:54.632169Z 104 [ERROR] InnoDB: The file '.\sustainapp\cards.ibd' already exists though the corresponding table did not exist in the InnoDB data dictionary. Have you moved InnoDB .ibd files around without using the SQL commands DISCARD TABLESPACE and IMPORT TABLESPACE, or did mysqld crash in the middle of CREATE TABLE? You can resolve the problem by removing the file '.\sustainapp\cards.ibd' under the 'datadir' of MySQL.
2024-03-11T13:36:18.079099Z 138 [Warning] InnoDB: Orphan table encountered during DROP DATABASE. This is possible if '`sustainapp`.`cards`.frm' was lost.
2024-03-11T13:36:18.079099Z 138 [Warning] InnoDB: Missing .ibd file for table `sustainapp`.`cards`.
2024-03-11T13:36:18.094622Z 138 [ERROR] InnoDB: Failed to find tablespace for table `sustainapp`.`users` in the cache. Attempting to load the tablespace with space id 229
2024-03-11T13:36:18.094622Z 138 [ERROR] InnoDB: Operating system error number 2 in a file operation.
2024-03-11T13:36:18.094622Z 138 [Note] InnoDB: Some operating system error numbers are described at http://dev.mysql.com/doc/refman/5.7/en/operating-system-error-codes.html
2024-03-11T13:36:18.094622Z 138 [ERROR] InnoDB: Cannot open datafile for read-only: '.\sustainapp\users.ibd' OS error: 71
2024-03-11T13:36:18.094622Z 138 [ERROR] InnoDB: Could not find a valid tablespace file for `sustainapp/users`. Please refer to http://dev.mysql.com/doc/refman/5.7/en/innodb-troubleshooting-datadict.html for how to resolve the issue.
2024-03-11T13:36:18.094622Z 138 [Warning] InnoDB: Orphan table encountered during DROP DATABASE. This is possible if '`sustainapp`.`users`.frm' was lost.
2024-03-11T13:36:18.110214Z 138 [Warning] InnoDB: Missing .ibd file for table `sustainapp`.`users`.
2024-03-11T13:36:58.415967Z 0 [Note] E:\College\HND\Year 2\Graded Unit\UwAmp\bin\database\mysql-5.7.11\bin\mysqld.exe: Normal shutdown

2024-03-11T13:36:58.415967Z 0 [Note] Giving 0 client threads a chance to die gracefully
2024-03-11T13:36:58.415967Z 0 [Note] Shutting down slave threads
2024-03-11T13:36:58.415967Z 0 [Note] Forcefully disconnecting 0 remaining clients
2024-03-11T13:36:58.415967Z 0 [Note] Event Scheduler: Purging the queue. 0 events
2024-03-11T13:36:58.415967Z 0 [Note] Binlog end
2024-03-11T13:36:58.415967Z 0 [Note] Shutting down plugin 'ngram'
2024-03-11T13:36:58.415967Z 0 [Note] Shutting down plugin 'partition'
2024-03-11T13:36:58.415967Z 0 [Note] Shutting down plugin 'BLACKHOLE'
2024-03-11T13:36:58.415967Z 0 [Note] Shutting down plugin 'ARCHIVE'
2024-03-11T13:36:58.415967Z 0 [Note] Shutting down plugin 'PERFORMANCE_SCHEMA'
2024-03-11T13:36:58.415967Z 0 [Note] Shutting down plugin 'MRG_MYISAM'
2024-03-11T13:36:58.415967Z 0 [Note] Shutting down plugin 'MyISAM'
2024-03-11T13:36:58.415967Z 0 [Note] Shutting down plugin 'INNODB_SYS_VIRTUAL'
2024-03-11T13:36:58.415967Z 0 [Note] Shutting down plugin 'INNODB_SYS_DATAFILES'
2024-03-11T13:36:58.415967Z 0 [Note] Shutting down plugin 'INNODB_SYS_TABLESPACES'
2024-03-11T13:36:58.415967Z 0 [Note] Shutting down plugin 'INNODB_SYS_FOREIGN_COLS'
2024-03-11T13:36:58.415967Z 0 [Note] Shutting down plugin 'INNODB_SYS_FOREIGN'
2024-03-11T13:36:58.415967Z 0 [Note] Shutting down plugin 'INNODB_SYS_FIELDS'
2024-03-11T13:36:58.415967Z 0 [Note] Shutting down plugin 'INNODB_SYS_COLUMNS'
2024-03-11T13:36:58.415967Z 0 [Note] Shutting down plugin 'INNODB_SYS_INDEXES'
2024-03-11T13:36:58.415967Z 0 [Note] Shutting down plugin 'INNODB_SYS_TABLESTATS'
2024-03-11T13:36:58.415967Z 0 [Note] Shutting down plugin 'INNODB_SYS_TABLES'
2024-03-11T13:36:58.415967Z 0 [Note] Shutting down plugin 'INNODB_FT_INDEX_TABLE'
2024-03-11T13:36:58.415967Z 0 [Note] Shutting down plugin 'INNODB_FT_INDEX_CACHE'
2024-03-11T13:36:58.415967Z 0 [Note] Shutting down plugin 'INNODB_FT_CONFIG'
2024-03-11T13:36:58.415967Z 0 [Note] Shutting down plugin 'INNODB_FT_BEING_DELETED'
2024-03-11T13:36:58.415967Z 0 [Note] Shutting down plugin 'INNODB_FT_DELETED'
2024-03-11T13:36:58.415967Z 0 [Note] Shutting down plugin 'INNODB_FT_DEFAULT_STOPWORD'
2024-03-11T13:36:58.415967Z 0 [Note] Shutting down plugin 'INNODB_METRICS'
2024-03-11T13:36:58.415967Z 0 [Note] Shutting down plugin 'INNODB_TEMP_TABLE_INFO'
2024-03-11T13:36:58.415967Z 0 [Note] Shutting down plugin 'INNODB_BUFFER_POOL_STATS'
2024-03-11T13:36:58.415967Z 0 [Note] Shutting down plugin 'INNODB_BUFFER_PAGE_LRU'
2024-03-11T13:36:58.415967Z 0 [Note] Shutting down plugin 'INNODB_BUFFER_PAGE'
2024-03-11T13:36:58.415967Z 0 [Note] Shutting down plugin 'INNODB_CMP_PER_INDEX_RESET'
2024-03-11T13:36:58.415967Z 0 [Note] Shutting down plugin 'INNODB_CMP_PER_INDEX'
2024-03-11T13:36:58.415967Z 0 [Note] Shutting down plugin 'INNODB_CMPMEM_RESET'
2024-03-11T13:36:58.415967Z 0 [Note] Shutting down plugin 'INNODB_CMPMEM'
2024-03-11T13:36:58.415967Z 0 [Note] Shutting down plugin 'INNODB_CMP_RESET'
2024-03-11T13:36:58.415967Z 0 [Note] Shutting down plugin 'INNODB_CMP'
2024-03-11T13:36:58.415967Z 0 [Note] Shutting down plugin 'INNODB_LOCK_WAITS'
2024-03-11T13:36:58.415967Z 0 [Note] Shutting down plugin 'INNODB_LOCKS'
2024-03-11T13:36:58.415967Z 0 [Note] Shutting down plugin 'INNODB_TRX'
2024-03-11T13:36:58.415967Z 0 [Note] Shutting down plugin 'InnoDB'
2024-03-11T13:36:58.415967Z 0 [Note] InnoDB: FTS optimize thread exiting.
2024-03-11T13:36:58.415967Z 0 [Note] InnoDB: Starting shutdown...
2024-03-11T13:36:58.531877Z 0 [Note] InnoDB: Dumping buffer pool(s) to E:\College\HND\Year 2\Graded Unit\UwAmp\bin\database\mysql-5.7.11\data\ib_buffer_pool
2024-03-11T13:36:58.547537Z 0 [Note] InnoDB: Buffer pool(s) dump completed at 240311 13:36:58
2024-03-11T13:36:59.179671Z 0 [Note] InnoDB: Shutdown completed; log sequence number 6022112
2024-03-11T13:36:59.201841Z 0 [Note] InnoDB: Removed temporary tablespace data file: "ibtmp1"
2024-03-11T13:36:59.201841Z 0 [Note] Shutting down plugin 'MEMORY'
2024-03-11T13:36:59.201841Z 0 [Note] Shutting down plugin 'CSV'
2024-03-11T13:36:59.201841Z 0 [Note] Shutting down plugin 'sha256_password'
2024-03-11T13:36:59.201841Z 0 [Note] Shutting down plugin 'mysql_native_password'
2024-03-11T13:36:59.201841Z 0 [Note] Shutting down plugin 'binlog'
2024-03-11T13:36:59.201841Z 0 [Note] E:\College\HND\Year 2\Graded Unit\UwAmp\bin\database\mysql-5.7.11\bin\mysqld.exe: Shutdown complete

